# JRE version: OpenJDK Runtime Environment (8.0_152-b01) (build 1.8.0_152-release-915-b01)
# Java VM: OpenJDK 64-Bit Server VM (25.152-b01 mixed mode windows-amd64 compressed oops)
Heap:
 PSYoungGen      total 355840K, used 198713K [0x00000000e0000000, 0x0000000100000000, 0x0000000100000000)
  eden space 187392K, 65% used [0x00000000e0000000,0x00000000e777ab40,0x00000000eb700000)
  from space 168448K, 45% used [0x00000000eb700000,0x00000000f0193980,0x00000000f5b80000)
  to   space 161792K, 0% used [0x00000000f6200000,0x00000000f6200000,0x0000000100000000)
 ParOldGen       total 1048576K, used 824352K [0x00000000a0000000, 0x00000000e0000000, 0x00000000e0000000)
  object space 1048576K, 78% used [0x00000000a0000000,0x00000000d2508328,0x00000000e0000000)
 Metaspace       used 135023K, capacity 143918K, committed 146136K, reserved 1175552K
  class space    used 17242K, capacity 19248K, committed 19712K, reserved 1048576K
GC Heap History (10 events):
Event: 7213.186 GC heap before
{Heap before GC invocations=58 (full 8):
 PSYoungGen      total 373248K, used 282588K [0x00000000e0000000, 0x00000000ff880000, 0x0000000100000000)
  eden space 241152K, 100% used [0x00000000e0000000,0x00000000eeb80000,0x00000000eeb80000)
  from space 132096K, 31% used [0x00000000eeb80000,0x00000000f13f73c0,0x00000000f6c80000)
  to   space 125952K, 0% used [0x00000000f7d80000,0x00000000f7d80000,0x00000000ff880000)
 ParOldGen       total 872448K, used 669128K [0x00000000a0000000, 0x00000000d5400000, 0x00000000e0000000)
  object space 872448K, 76% used [0x00000000a0000000,0x00000000c8d72208,0x00000000d5400000)
 Metaspace       used 128083K, capacity 137420K, committed 137688K, reserved 1169408K
  class space    used 16472K, capacity 18575K, committed 18688K, reserved 1048576K
Event: 7213.322 GC heap after
Heap after GC invocations=58 (full 8):
 PSYoungGen      total 371712K, used 106987K [0x00000000e0000000, 0x0000000100000000, 0x0000000100000000)
  eden space 245760K, 0% used [0x00000000e0000000,0x00000000e0000000,0x00000000ef000000)
  from space 125952K, 84% used [0x00000000f7d80000,0x00000000fe5fae08,0x00000000ff880000)
  to   space 139264K, 0% used [0x00000000ef000000,0x00000000ef000000,0x00000000f7800000)
 ParOldGen       total 872448K, used 669136K [0x00000000a0000000, 0x00000000d5400000, 0x00000000e0000000)
  object space 872448K, 76% used [0x00000000a0000000,0x00000000c8d74208,0x00000000d5400000)
 Metaspace       used 128083K, capacity 137420K, committed 137688K, reserved 1169408K
  class space    used 16472K, capacity 18575K, committed 18688K, reserved 1048576K
}
Event: 7216.025 GC heap before
{Heap before GC invocations=59 (full 8):
 PSYoungGen      total 371712K, used 352747K [0x00000000e0000000, 0x0000000100000000, 0x0000000100000000)
  eden space 245760K, 100% used [0x00000000e0000000,0x00000000ef000000,0x00000000ef000000)
  from space 125952K, 84% used [0x00000000f7d80000,0x00000000fe5fae08,0x00000000ff880000)
  to   space 139264K, 0% used [0x00000000ef000000,0x00000000ef000000,0x00000000f7800000)
 ParOldGen       total 872448K, used 669136K [0x00000000a0000000, 0x00000000d5400000, 0x00000000e0000000)
  object space 872448K, 76% used [0x00000000a0000000,0x00000000c8d74208,0x00000000d5400000)
 Metaspace       used 132343K, capacity 141742K, committed 142040K, reserved 1171456K
  class space    used 17029K, capacity 19150K, committed 19200K, reserved 1048576K
Event: 7216.231 GC heap after
Heap after GC invocations=59 (full 8):
 PSYoungGen      total 385024K, used 139246K [0x00000000e0000000, 0x0000000100000000, 0x0000000100000000)
  eden space 245760K, 0% used [0x00000000e0000000,0x00000000e0000000,0x00000000ef000000)
  from space 139264K, 99% used [0x00000000ef000000,0x00000000f77fbb78,0x00000000f7800000)
  to   space 139264K, 0% used [0x00000000f7800000,0x00000000f7800000,0x0000000100000000)
 ParOldGen       total 872448K, used 711080K [0x00000000a0000000, 0x00000000d5400000, 0x00000000e0000000)
  object space 872448K, 81% used [0x00000000a0000000,0x00000000cb66a2c0,0x00000000d5400000)
 Metaspace       used 132343K, capacity 141742K, committed 142040K, reserved 1171456K
  class space    used 17029K, capacity 19150K, committed 19200K, reserved 1048576K
}
Event: 7396.346 GC heap before
{Heap before GC invocations=60 (full 8):
 PSYoungGen      total 385024K, used 384126K [0x00000000e0000000, 0x0000000100000000, 0x0000000100000000)
  eden space 245760K, 99% used [0x00000000e0000000,0x00000000eef23f60,0x00000000ef000000)
  from space 139264K, 99% used [0x00000000ef000000,0x00000000f77fbb78,0x00000000f7800000)
  to   space 139264K, 0% used [0x00000000f7800000,0x00000000f7800000,0x0000000100000000)
 ParOldGen       total 872448K, used 711080K [0x00000000a0000000, 0x00000000d5400000, 0x00000000e0000000)
  object space 872448K, 81% used [0x00000000a0000000,0x00000000cb66a2c0,0x00000000d5400000)
 Metaspace       used 132516K, capacity 142110K, committed 142424K, reserved 1173504K
  class space    used 17051K, capacity 19230K, committed 19328K, reserved 1048576K
Event: 7396.515 GC heap after
Heap after GC invocations=60 (full 8):
 PSYoungGen      total 326656K, used 55463K [0x00000000e0000000, 0x0000000100000000, 0x0000000100000000)
  eden space 187392K, 0% used [0x00000000e0000000,0x00000000e0000000,0x00000000eb700000)
  from space 139264K, 39% used [0x00000000f7800000,0x00000000fae29ff0,0x0000000100000000)
  to   space 168448K, 0% used [0x00000000eb700000,0x00000000eb700000,0x00000000f5b80000)
 ParOldGen       total 872448K, used 800721K [0x00000000a0000000, 0x00000000d5400000, 0x00000000e0000000)
  object space 872448K, 91% used [0x00000000a0000000,0x00000000d0df46c8,0x00000000d5400000)
 Metaspace       used 132516K, capacity 142110K, committed 142424K, reserved 1173504K
  class space    used 17051K, capacity 19230K, committed 19328K, reserved 1048576K
}
Event: 7396.515 GC heap before
{Heap before GC invocations=61 (full 9):
 PSYoungGen      total 326656K, used 55463K [0x00000000e0000000, 0x0000000100000000, 0x0000000100000000)
  eden space 187392K, 0% used [0x00000000e0000000,0x00000000e0000000,0x00000000eb700000)
  from space 139264K, 39% used [0x00000000f7800000,0x00000000fae29ff0,0x0000000100000000)
  to   space 168448K, 0% used [0x00000000eb700000,0x00000000eb700000,0x00000000f5b80000)
 ParOldGen       total 872448K, used 800721K [0x00000000a0000000, 0x00000000d5400000, 0x00000000e0000000)
  object space 872448K, 91% used [0x00000000a0000000,0x00000000d0df46c8,0x00000000d5400000)
 Metaspace       used 132516K, capacity 142110K, committed 142424K, reserved 1173504K
  class space    used 17051K, capacity 19230K, committed 19328K, reserved 1048576K
Event: 7400.651 GC heap after
Heap after GC invocations=61 (full 9):
 PSYoungGen      total 326656K, used 0K [0x00000000e0000000, 0x0000000100000000, 0x0000000100000000)
  eden space 187392K, 0% used [0x00000000e0000000,0x00000000e0000000,0x00000000eb700000)
  from space 139264K, 0% used [0x00000000f7800000,0x00000000f7800000,0x0000000100000000)
  to   space 168448K, 0% used [0x00000000eb700000,0x00000000eb700000,0x00000000f5b80000)
 ParOldGen       total 1048576K, used 824344K [0x00000000a0000000, 0x00000000e0000000, 0x00000000e0000000)
  object space 1048576K, 78% used [0x00000000a0000000,0x00000000d2506328,0x00000000e0000000)
 Metaspace       used 130742K, capacity 139404K, committed 142424K, reserved 1173504K
  class space    used 16675K, capacity 18633K, committed 19328K, reserved 1048576K
}
Event: 7402.563 GC heap before
{Heap before GC invocations=62 (full 9):
 PSYoungGen      total 326656K, used 187392K [0x00000000e0000000, 0x0000000100000000, 0x0000000100000000)
  eden space 187392K, 100% used [0x00000000e0000000,0x00000000eb700000,0x00000000eb700000)
  from space 139264K, 0% used [0x00000000f7800000,0x00000000f7800000,0x0000000100000000)
  to   space 168448K, 0% used [0x00000000eb700000,0x00000000eb700000,0x00000000f5b80000)
 ParOldGen       total 1048576K, used 824344K [0x00000000a0000000, 0x00000000e0000000, 0x00000000e0000000)
  object space 1048576K, 78% used [0x00000000a0000000,0x00000000d2506328,0x00000000e0000000)
 Metaspace       used 134962K, capacity 143726K, committed 145880K, reserved 1175552K
  class space    used 17231K, capacity 19208K, committed 19712K, reserved 1048576K
Event: 7402.658 GC heap after
Heap after GC invocations=62 (full 9):
 PSYoungGen      total 355840K, used 76366K [0x00000000e0000000, 0x0000000100000000, 0x0000000100000000)
  eden space 187392K, 0% used [0x00000000e0000000,0x00000000e0000000,0x00000000eb700000)
  from space 168448K, 45% used [0x00000000eb700000,0x00000000f0193980,0x00000000f5b80000)
  to   space 161792K, 0% used [0x00000000f6200000,0x00000000f6200000,0x0000000100000000)
 ParOldGen       total 1048576K, used 824352K [0x00000000a0000000, 0x00000000e0000000, 0x00000000e0000000)
  object space 1048576K, 78% used [0x00000000a0000000,0x00000000d2508328,0x00000000e0000000)
 Metaspace       used 134962K, capacity 143726K, committed 145880K, reserved 1175552K
  class space    used 17231K, capacity 19208K, committed 19712K, reserved 1048576K
}

