# JRE version: OpenJDK Runtime Environment (8.0_152-b01) (build 1.8.0_152-release-915-b01)
# Java VM: OpenJDK 64-Bit Server VM (25.152-b01 mixed mode windows-amd64 compressed oops)
Heap:
 PSYoungGen      total 126976K, used 55349K [0x00000000e0000000, 0x00000000e8880000, 0x0000000100000000)
  eden space 115200K, 38% used [0x00000000e0000000,0x00000000e2bc05c0,0x00000000e7080000)
  from space 11776K, 89% used [0x00000000e7c80000,0x00000000e86ccfb8,0x00000000e8800000)
  to   space 12288K, 0% used [0x00000000e7080000,0x00000000e7080000,0x00000000e7c80000)
 ParOldGen       total 111104K, used 15796K [0x00000000a0000000, 0x00000000a6c80000, 0x00000000e0000000)
  object space 111104K, 14% used [0x00000000a0000000,0x00000000a0f6d100,0x00000000a6c80000)
 Metaspace       used 45957K, capacity 46982K, committed 47192K, reserved 1089536K
  class space    used 6155K, capacity 6496K, committed 6528K, reserved 1048576K
GC Heap History (10 events):
Event: 8.118 GC heap before
{Heap before GC invocations=6 (full 1):
 PSYoungGen      total 70656K, used 65536K [0x00000000e0000000, 0x00000000e4a00000, 0x0000000100000000)
  eden space 65536K, 100% used [0x00000000e0000000,0x00000000e4000000,0x00000000e4000000)
  from space 5120K, 0% used [0x00000000e4500000,0x00000000e4500000,0x00000000e4a00000)
  to   space 5120K, 0% used [0x00000000e4000000,0x00000000e4000000,0x00000000e4500000)
 ParOldGen       total 68096K, used 8950K [0x00000000a0000000, 0x00000000a4280000, 0x00000000e0000000)
  object space 68096K, 13% used [0x00000000a0000000,0x00000000a08bda90,0x00000000a4280000)
 Metaspace       used 25815K, capacity 26414K, committed 26496K, reserved 1073152K
  class space    used 3515K, capacity 3702K, committed 3712K, reserved 1048576K
Event: 8.135 GC heap after
Heap after GC invocations=6 (full 1):
 PSYoungGen      total 70656K, used 5109K [0x00000000e0000000, 0x00000000e6b00000, 0x0000000100000000)
  eden space 65536K, 0% used [0x00000000e0000000,0x00000000e0000000,0x00000000e4000000)
  from space 5120K, 99% used [0x00000000e4000000,0x00000000e44fd6e0,0x00000000e4500000)
  to   space 10752K, 0% used [0x00000000e6080000,0x00000000e6080000,0x00000000e6b00000)
 ParOldGen       total 68096K, used 11125K [0x00000000a0000000, 0x00000000a4280000, 0x00000000e0000000)
  object space 68096K, 16% used [0x00000000a0000000,0x00000000a0add6c8,0x00000000a4280000)
 Metaspace       used 25815K, capacity 26414K, committed 26496K, reserved 1073152K
  class space    used 3515K, capacity 3702K, committed 3712K, reserved 1048576K
}
Event: 10.076 GC heap before
{Heap before GC invocations=7 (full 1):
 PSYoungGen      total 70656K, used 70645K [0x00000000e0000000, 0x00000000e6b00000, 0x0000000100000000)
  eden space 65536K, 100% used [0x00000000e0000000,0x00000000e4000000,0x00000000e4000000)
  from space 5120K, 99% used [0x00000000e4000000,0x00000000e44fd6e0,0x00000000e4500000)
  to   space 10752K, 0% used [0x00000000e6080000,0x00000000e6080000,0x00000000e6b00000)
 ParOldGen       total 68096K, used 11125K [0x00000000a0000000, 0x00000000a4280000, 0x00000000e0000000)
  object space 68096K, 16% used [0x00000000a0000000,0x00000000a0add6c8,0x00000000a4280000)
 Metaspace       used 30184K, capacity 30776K, committed 30976K, reserved 1075200K
  class space    used 4113K, capacity 4323K, committed 4352K, reserved 1048576K
Event: 10.098 GC heap after
Heap after GC invocations=7 (full 1):
 PSYoungGen      total 97792K, used 8179K [0x00000000e0000000, 0x00000000e6a80000, 0x0000000100000000)
  eden space 87552K, 0% used [0x00000000e0000000,0x00000000e0000000,0x00000000e5580000)
  from space 10240K, 79% used [0x00000000e6080000,0x00000000e687cc00,0x00000000e6a80000)
  to   space 10752K, 0% used [0x00000000e5580000,0x00000000e5580000,0x00000000e6000000)
 ParOldGen       total 68096K, used 11133K [0x00000000a0000000, 0x00000000a4280000, 0x00000000e0000000)
  object space 68096K, 16% used [0x00000000a0000000,0x00000000a0adf6c8,0x00000000a4280000)
 Metaspace       used 30184K, capacity 30776K, committed 30976K, reserved 1075200K
  class space    used 4113K, capacity 4323K, committed 4352K, reserved 1048576K
}
Event: 11.865 GC heap before
{Heap before GC invocations=8 (full 1):
 PSYoungGen      total 97792K, used 64377K [0x00000000e0000000, 0x00000000e6a80000, 0x0000000100000000)
  eden space 87552K, 64% used [0x00000000e0000000,0x00000000e36e1af8,0x00000000e5580000)
  from space 10240K, 79% used [0x00000000e6080000,0x00000000e687cc00,0x00000000e6a80000)
  to   space 10752K, 0% used [0x00000000e5580000,0x00000000e5580000,0x00000000e6000000)
 ParOldGen       total 68096K, used 11133K [0x00000000a0000000, 0x00000000a4280000, 0x00000000e0000000)
  object space 68096K, 16% used [0x00000000a0000000,0x00000000a0adf6c8,0x00000000a4280000)
 Metaspace       used 34492K, capacity 35234K, committed 35416K, reserved 1079296K
  class space    used 4682K, capacity 4965K, committed 4992K, reserved 1048576K
Event: 11.882 GC heap after
Heap after GC invocations=8 (full 1):
 PSYoungGen      total 98304K, used 9776K [0x00000000e0000000, 0x00000000e8800000, 0x0000000100000000)
  eden space 87552K, 0% used [0x00000000e0000000,0x00000000e0000000,0x00000000e5580000)
  from space 10752K, 90% used [0x00000000e5580000,0x00000000e5f0c370,0x00000000e6000000)
  to   space 11776K, 0% used [0x00000000e7c80000,0x00000000e7c80000,0x00000000e8800000)
 ParOldGen       total 68096K, used 11205K [0x00000000a0000000, 0x00000000a4280000, 0x00000000e0000000)
  object space 68096K, 16% used [0x00000000a0000000,0x00000000a0af16d8,0x00000000a4280000)
 Metaspace       used 34492K, capacity 35234K, committed 35416K, reserved 1079296K
  class space    used 4682K, capacity 4965K, committed 4992K, reserved 1048576K
}
Event: 11.882 GC heap before
{Heap before GC invocations=9 (full 2):
 PSYoungGen      total 98304K, used 9776K [0x00000000e0000000, 0x00000000e8800000, 0x0000000100000000)
  eden space 87552K, 0% used [0x00000000e0000000,0x00000000e0000000,0x00000000e5580000)
  from space 10752K, 90% used [0x00000000e5580000,0x00000000e5f0c370,0x00000000e6000000)
  to   space 11776K, 0% used [0x00000000e7c80000,0x00000000e7c80000,0x00000000e8800000)
 ParOldGen       total 68096K, used 11205K [0x00000000a0000000, 0x00000000a4280000, 0x00000000e0000000)
  object space 68096K, 16% used [0x00000000a0000000,0x00000000a0af16d8,0x00000000a4280000)
 Metaspace       used 34492K, capacity 35234K, committed 35416K, reserved 1079296K
  class space    used 4682K, capacity 4965K, committed 4992K, reserved 1048576K
Event: 12.026 GC heap after
Heap after GC invocations=9 (full 2):
 PSYoungGen      total 98304K, used 0K [0x00000000e0000000, 0x00000000e8800000, 0x0000000100000000)
  eden space 87552K, 0% used [0x00000000e0000000,0x00000000e0000000,0x00000000e5580000)
  from space 10752K, 0% used [0x00000000e5580000,0x00000000e5580000,0x00000000e6000000)
  to   space 11776K, 0% used [0x00000000e7c80000,0x00000000e7c80000,0x00000000e8800000)
 ParOldGen       total 111104K, used 15788K [0x00000000a0000000, 0x00000000a6c80000, 0x00000000e0000000)
  object space 111104K, 14% used [0x00000000a0000000,0x00000000a0f6b100,0x00000000a6c80000)
 Metaspace       used 34492K, capacity 35234K, committed 35416K, reserved 1079296K
  class space    used 4682K, capacity 4965K, committed 4992K, reserved 1048576K
}
Event: 14.683 GC heap before
{Heap before GC invocations=10 (full 2):
 PSYoungGen      total 98304K, used 87552K [0x00000000e0000000, 0x00000000e8800000, 0x0000000100000000)
  eden space 87552K, 100% used [0x00000000e0000000,0x00000000e5580000,0x00000000e5580000)
  from space 10752K, 0% used [0x00000000e5580000,0x00000000e5580000,0x00000000e6000000)
  to   space 11776K, 0% used [0x00000000e7c80000,0x00000000e7c80000,0x00000000e8800000)
 ParOldGen       total 111104K, used 15788K [0x00000000a0000000, 0x00000000a6c80000, 0x00000000e0000000)
  object space 111104K, 14% used [0x00000000a0000000,0x00000000a0f6b100,0x00000000a6c80000)
 Metaspace       used 40688K, capacity 41426K, committed 41816K, reserved 1085440K
  class space    used 5394K, capacity 5673K, committed 5760K, reserved 1048576K
Event: 14.712 GC heap after
Heap after GC invocations=10 (full 2):
 PSYoungGen      total 126976K, used 10547K [0x00000000e0000000, 0x00000000e8880000, 0x0000000100000000)
  eden space 115200K, 0% used [0x00000000e0000000,0x00000000e0000000,0x00000000e7080000)
  from space 11776K, 89% used [0x00000000e7c80000,0x00000000e86ccfb8,0x00000000e8800000)
  to   space 12288K, 0% used [0x00000000e7080000,0x00000000e7080000,0x00000000e7c80000)
 ParOldGen       total 111104K, used 15796K [0x00000000a0000000, 0x00000000a6c80000, 0x00000000e0000000)
  object space 111104K, 14% used [0x00000000a0000000,0x00000000a0f6d100,0x00000000a6c80000)
 Metaspace       used 40688K, capacity 41426K, committed 41816K, reserved 1085440K
  class space    used 5394K, capacity 5673K, committed 5760K, reserved 1048576K
}

