# JRE version: OpenJDK Runtime Environment (8.0_152-b01) (build 1.8.0_152-release-915-b01)
# Java VM: OpenJDK 64-Bit Server VM (25.152-b01 mixed mode windows-amd64 compressed oops)
Heap:
 PSYoungGen      total 349696K, used 16339K [0x00000000e0000000, 0x0000000100000000, 0x0000000100000000)
  eden space 175104K, 9% used [0x00000000e0000000,0x00000000e0ff4da0,0x00000000eab00000)
  from space 174592K, 0% used [0x00000000eab00000,0x00000000eab00000,0x00000000f5580000)
  to   space 174592K, 0% used [0x00000000f5580000,0x00000000f5580000,0x0000000100000000)
 ParOldGen       total 616448K, used 616230K [0x00000000a0000000, 0x00000000c5a00000, 0x00000000e0000000)
  object space 616448K, 99% used [0x00000000a0000000,0x00000000c59c9848,0x00000000c5a00000)
 Metaspace       used 128387K, capacity 138146K, committed 138712K, reserved 1169408K
  class space    used 16194K, capacity 18593K, committed 18688K, reserved 1048576K
GC Heap History (10 events):
Event: 1563.241 GC heap before
{Heap before GC invocations=56 (full 9):
 PSYoungGen      total 349696K, used 173459K [0x00000000e0000000, 0x0000000100000000, 0x0000000100000000)
  eden space 175104K, 99% used [0x00000000e0000000,0x00000000ea964fd8,0x00000000eab00000)
  from space 174592K, 0% used [0x00000000eab00000,0x00000000eab00000,0x00000000f5580000)
  to   space 174592K, 0% used [0x00000000f5580000,0x00000000f5580000,0x0000000100000000)
 ParOldGen       total 616448K, used 616290K [0x00000000a0000000, 0x00000000c5a00000, 0x00000000e0000000)
  object space 616448K, 99% used [0x00000000a0000000,0x00000000c59d8a30,0x00000000c5a00000)
 Metaspace       used 126991K, capacity 136522K, committed 137304K, reserved 1167360K
  class space    used 16006K, capacity 18319K, committed 18560K, reserved 1048576K
Event: 1567.100 GC heap after
Heap after GC invocations=56 (full 9):
 PSYoungGen      total 349696K, used 2662K [0x00000000e0000000, 0x0000000100000000, 0x0000000100000000)
  eden space 175104K, 1% used [0x00000000e0000000,0x00000000e0299b00,0x00000000eab00000)
  from space 174592K, 0% used [0x00000000eab00000,0x00000000eab00000,0x00000000f5580000)
  to   space 174592K, 0% used [0x00000000f5580000,0x00000000f5580000,0x0000000100000000)
 ParOldGen       total 616448K, used 615661K [0x00000000a0000000, 0x00000000c5a00000, 0x00000000e0000000)
  object space 616448K, 99% used [0x00000000a0000000,0x00000000c593b558,0x00000000c5a00000)
 Metaspace       used 126950K, capacity 136456K, committed 137304K, reserved 1167360K
  class space    used 16000K, capacity 18308K, committed 18560K, reserved 1048576K
}
Event: 1574.313 GC heap before
{Heap before GC invocations=57 (full 10):
 PSYoungGen      total 349696K, used 174956K [0x00000000e0000000, 0x0000000100000000, 0x0000000100000000)
  eden space 175104K, 99% used [0x00000000e0000000,0x00000000eaadb380,0x00000000eab00000)
  from space 174592K, 0% used [0x00000000eab00000,0x00000000eab00000,0x00000000f5580000)
  to   space 174592K, 0% used [0x00000000f5580000,0x00000000f5580000,0x0000000100000000)
 ParOldGen       total 616448K, used 615661K [0x00000000a0000000, 0x00000000c5a00000, 0x00000000e0000000)
  object space 616448K, 99% used [0x00000000a0000000,0x00000000c593b558,0x00000000c5a00000)
 Metaspace       used 127196K, capacity 136726K, committed 137560K, reserved 1169408K
  class space    used 16028K, capacity 18347K, committed 18560K, reserved 1048576K
Event: 1576.745 GC heap after
Heap after GC invocations=57 (full 10):
 PSYoungGen      total 349696K, used 4935K [0x00000000e0000000, 0x0000000100000000, 0x0000000100000000)
  eden space 175104K, 2% used [0x00000000e0000000,0x00000000e04d1ee0,0x00000000eab00000)
  from space 174592K, 0% used [0x00000000eab00000,0x00000000eab00000,0x00000000f5580000)
  to   space 174592K, 0% used [0x00000000f5580000,0x00000000f5580000,0x0000000100000000)
 ParOldGen       total 616448K, used 615066K [0x00000000a0000000, 0x00000000c5a00000, 0x00000000e0000000)
  object space 616448K, 99% used [0x00000000a0000000,0x00000000c58a6b90,0x00000000c5a00000)
 Metaspace       used 127196K, capacity 136726K, committed 137560K, reserved 1169408K
  class space    used 16028K, capacity 18347K, committed 18560K, reserved 1048576K
}
Event: 1576.803 GC heap before
{Heap before GC invocations=58 (full 11):
 PSYoungGen      total 349696K, used 174400K [0x00000000e0000000, 0x0000000100000000, 0x0000000100000000)
  eden space 175104K, 99% used [0x00000000e0000000,0x00000000eaa50030,0x00000000eab00000)
  from space 174592K, 0% used [0x00000000eab00000,0x00000000eab00000,0x00000000f5580000)
  to   space 174592K, 0% used [0x00000000f5580000,0x00000000f5580000,0x0000000100000000)
 ParOldGen       total 616448K, used 615066K [0x00000000a0000000, 0x00000000c5a00000, 0x00000000e0000000)
  object space 616448K, 99% used [0x00000000a0000000,0x00000000c58a6b90,0x00000000c5a00000)
 Metaspace       used 127197K, capacity 136726K, committed 137560K, reserved 1169408K
  class space    used 16028K, capacity 18347K, committed 18560K, reserved 1048576K
Event: 1577.983 GC heap after
Heap after GC invocations=58 (full 11):
 PSYoungGen      total 349696K, used 0K [0x00000000e0000000, 0x0000000100000000, 0x0000000100000000)
  eden space 175104K, 0% used [0x00000000e0000000,0x00000000e0000000,0x00000000eab00000)
  from space 174592K, 0% used [0x00000000eab00000,0x00000000eab00000,0x00000000f5580000)
  to   space 174592K, 0% used [0x00000000f5580000,0x00000000f5580000,0x0000000100000000)
 ParOldGen       total 616448K, used 615999K [0x00000000a0000000, 0x00000000c5a00000, 0x00000000e0000000)
  object space 616448K, 99% used [0x00000000a0000000,0x00000000c598ff60,0x00000000c5a00000)
 Metaspace       used 127197K, capacity 136726K, committed 137560K, reserved 1169408K
  class space    used 16028K, capacity 18347K, committed 18560K, reserved 1048576K
}
Event: 1625.651 GC heap before
{Heap before GC invocations=59 (full 12):
 PSYoungGen      total 349696K, used 175104K [0x00000000e0000000, 0x0000000100000000, 0x0000000100000000)
  eden space 175104K, 100% used [0x00000000e0000000,0x00000000eab00000,0x00000000eab00000)
  from space 174592K, 0% used [0x00000000eab00000,0x00000000eab00000,0x00000000f5580000)
  to   space 174592K, 0% used [0x00000000f5580000,0x00000000f5580000,0x0000000100000000)
 ParOldGen       total 616448K, used 615999K [0x00000000a0000000, 0x00000000c5a00000, 0x00000000e0000000)
  object space 616448K, 99% used [0x00000000a0000000,0x00000000c598ff60,0x00000000c5a00000)
 Metaspace       used 127931K, capacity 137674K, committed 138200K, reserved 1169408K
  class space    used 16149K, capacity 18493K, committed 18688K, reserved 1048576K
Event: 1626.966 GC heap after
Heap after GC invocations=59 (full 12):
 PSYoungGen      total 349696K, used 0K [0x00000000e0000000, 0x0000000100000000, 0x0000000100000000)
  eden space 175104K, 0% used [0x00000000e0000000,0x00000000e0000000,0x00000000eab00000)
  from space 174592K, 0% used [0x00000000eab00000,0x00000000eab00000,0x00000000f5580000)
  to   space 174592K, 0% used [0x00000000f5580000,0x00000000f5580000,0x0000000100000000)
 ParOldGen       total 616448K, used 614220K [0x00000000a0000000, 0x00000000c5a00000, 0x00000000e0000000)
  object space 616448K, 99% used [0x00000000a0000000,0x00000000c57d3148,0x00000000c5a00000)
 Metaspace       used 127931K, capacity 137674K, committed 138200K, reserved 1169408K
  class space    used 16149K, capacity 18493K, committed 18688K, reserved 1048576K
}
Event: 1727.429 GC heap before
{Heap before GC invocations=60 (full 13):
 PSYoungGen      total 349696K, used 175104K [0x00000000e0000000, 0x0000000100000000, 0x0000000100000000)
  eden space 175104K, 100% used [0x00000000e0000000,0x00000000eab00000,0x00000000eab00000)
  from space 174592K, 0% used [0x00000000eab00000,0x00000000eab00000,0x00000000f5580000)
  to   space 174592K, 0% used [0x00000000f5580000,0x00000000f5580000,0x0000000100000000)
 ParOldGen       total 616448K, used 614220K [0x00000000a0000000, 0x00000000c5a00000, 0x00000000e0000000)
  object space 616448K, 99% used [0x00000000a0000000,0x00000000c57d3148,0x00000000c5a00000)
 Metaspace       used 128424K, capacity 138212K, committed 138712K, reserved 1169408K
  class space    used 16200K, capacity 18604K, committed 18688K, reserved 1048576K
Event: 1731.554 GC heap after
Heap after GC invocations=60 (full 13):
 PSYoungGen      total 349696K, used 701K [0x00000000e0000000, 0x0000000100000000, 0x0000000100000000)
  eden space 175104K, 0% used [0x00000000e0000000,0x00000000e00af4b0,0x00000000eab00000)
  from space 174592K, 0% used [0x00000000eab00000,0x00000000eab00000,0x00000000f5580000)
  to   space 174592K, 0% used [0x00000000f5580000,0x00000000f5580000,0x0000000100000000)
 ParOldGen       total 616448K, used 616230K [0x00000000a0000000, 0x00000000c5a00000, 0x00000000e0000000)
  object space 616448K, 99% used [0x00000000a0000000,0x00000000c59c9848,0x00000000c5a00000)
 Metaspace       used 128384K, capacity 138146K, committed 138712K, reserved 1169408K
  class space    used 16194K, capacity 18593K, committed 18688K, reserved 1048576K
}

